[2024-09-22 16:36:42:1046][main] INFO  com.goms.v2.GomsV2ApplicationKt - Starting GomsV2ApplicationKt using Java 11.0.11 on gimgyeongsuui-MacBookPro.local with PID 60017 (/Users/kimgyeongsu/Desktop/code/GOMS-Backend-V2/goms-infrastructure/out/production/classes started by kimgyeongsu in /Users/kimgyeongsu/Desktop/code/GOMS-Backend-V2)
[2024-09-22 16:36:42:1059][main] INFO  com.goms.v2.GomsV2ApplicationKt - No active profile set, falling back to 1 default profile: "default"
[2024-09-22 16:36:42:1065][background-preinit] INFO  o.h.validator.internal.util.Version - HV000001: Hibernate Validator 6.2.5.Final
[2024-09-22 16:36:44:2990][main] INFO  o.s.d.r.c.RepositoryConfigurationDelegate - Multiple Spring Data modules found, entering strict repository configuration mode
[2024-09-22 16:36:44:2991][main] INFO  o.s.d.r.c.RepositoryConfigurationDelegate - Bootstrapping Spring Data JPA repositories in DEFAULT mode.
[2024-09-22 16:36:44:3130][main] INFO  o.s.d.r.c.RepositoryConfigurationExtensionSupport - Spring Data JPA - Could not safely identify store assignment for repository candidate interface com.goms.v2.persistence.auth.repository.AuthCodeRedisRepository; If you want this repository to be a JPA repository, consider annotating your entities with one of these annotations: javax.persistence.Entity, javax.persistence.MappedSuperclass (preferred), or consider extending one of the following types with your repository: org.springframework.data.jpa.repository.JpaRepository
[2024-09-22 16:36:44:3136][main] INFO  o.s.d.r.c.RepositoryConfigurationExtensionSupport - Spring Data JPA - Could not safely identify store assignment for repository candidate interface com.goms.v2.persistence.auth.repository.AuthenticationRedisRepository; If you want this repository to be a JPA repository, consider annotating your entities with one of these annotations: javax.persistence.Entity, javax.persistence.MappedSuperclass (preferred), or consider extending one of the following types with your repository: org.springframework.data.jpa.repository.JpaRepository
[2024-09-22 16:36:44:3138][main] INFO  o.s.d.r.c.RepositoryConfigurationExtensionSupport - Spring Data JPA - Could not safely identify store assignment for repository candidate interface com.goms.v2.persistence.auth.repository.RefreshTokenJpaRepository; If you want this repository to be a JPA repository, consider annotating your entities with one of these annotations: javax.persistence.Entity, javax.persistence.MappedSuperclass (preferred), or consider extending one of the following types with your repository: org.springframework.data.jpa.repository.JpaRepository
[2024-09-22 16:36:44:3141][main] INFO  o.s.d.r.c.RepositoryConfigurationExtensionSupport - Spring Data JPA - Could not safely identify store assignment for repository candidate interface com.goms.v2.persistence.notification.repository.DeviceTokenJpaRepository; If you want this repository to be a JPA repository, consider annotating your entities with one of these annotations: javax.persistence.Entity, javax.persistence.MappedSuperclass (preferred), or consider extending one of the following types with your repository: org.springframework.data.jpa.repository.JpaRepository
[2024-09-22 16:36:44:3143][main] INFO  o.s.d.r.c.RepositoryConfigurationExtensionSupport - Spring Data JPA - Could not safely identify store assignment for repository candidate interface com.goms.v2.persistence.outing.repository.OutingBlackListJpaRepository; If you want this repository to be a JPA repository, consider annotating your entities with one of these annotations: javax.persistence.Entity, javax.persistence.MappedSuperclass (preferred), or consider extending one of the following types with your repository: org.springframework.data.jpa.repository.JpaRepository
[2024-09-22 16:36:44:3145][main] INFO  o.s.d.r.c.RepositoryConfigurationExtensionSupport - Spring Data JPA - Could not safely identify store assignment for repository candidate interface com.goms.v2.persistence.studentCouncil.repository.OutingUUIDJpaRepository; If you want this repository to be a JPA repository, consider annotating your entities with one of these annotations: javax.persistence.Entity, javax.persistence.MappedSuperclass (preferred), or consider extending one of the following types with your repository: org.springframework.data.jpa.repository.JpaRepository
[2024-09-22 16:36:44:3175][main] INFO  o.s.d.r.c.RepositoryConfigurationDelegate - Finished Spring Data repository scanning in 169 ms. Found 3 JPA repository interfaces.
[2024-09-22 16:36:44:3199][main] INFO  o.s.d.r.c.RepositoryConfigurationDelegate - Multiple Spring Data modules found, entering strict repository configuration mode
[2024-09-22 16:36:44:3201][main] INFO  o.s.d.r.c.RepositoryConfigurationDelegate - Bootstrapping Spring Data Redis repositories in DEFAULT mode.
[2024-09-22 16:36:44:3226][main] INFO  o.s.d.r.c.RepositoryConfigurationExtensionSupport - Spring Data Redis - Could not safely identify store assignment for repository candidate interface com.goms.v2.persistence.account.repository.AccountJpaRepository; If you want this repository to be a Redis repository, consider annotating your entities with one of these annotations: org.springframework.data.redis.core.RedisHash (preferred), or consider extending one of the following types with your repository: org.springframework.data.keyvalue.repository.KeyValueRepository
[2024-09-22 16:36:44:3228][main] INFO  o.s.d.r.c.RepositoryConfigurationExtensionSupport - Spring Data Redis - Could not safely identify store assignment for repository candidate interface com.goms.v2.persistence.late.repository.LateJpaRepository; If you want this repository to be a Redis repository, consider annotating your entities with one of these annotations: org.springframework.data.redis.core.RedisHash (preferred), or consider extending one of the following types with your repository: org.springframework.data.keyvalue.repository.KeyValueRepository
[2024-09-22 16:36:44:3231][main] INFO  o.s.d.r.c.RepositoryConfigurationExtensionSupport - Spring Data Redis - Could not safely identify store assignment for repository candidate interface com.goms.v2.persistence.outing.repository.OutingJpaRepository; If you want this repository to be a Redis repository, consider annotating your entities with one of these annotations: org.springframework.data.redis.core.RedisHash (preferred), or consider extending one of the following types with your repository: org.springframework.data.keyvalue.repository.KeyValueRepository
[2024-09-22 16:36:44:3254][main] INFO  o.s.d.r.c.RepositoryConfigurationDelegate - Finished Spring Data repository scanning in 43 ms. Found 6 Redis repository interfaces.
[2024-09-22 16:36:51:10306][main] INFO  o.s.c.s.PostProcessorRegistrationDelegate$BeanPostProcessorChecker - Bean '(inner bean)#723e3c17' of type [com.amazonaws.auth.BasicAWSCredentials] is not eligible for getting processed by all BeanPostProcessors (for example: not eligible for auto-proxying)
[2024-09-22 16:36:51:10308][main] INFO  o.s.c.s.PostProcessorRegistrationDelegate$BeanPostProcessorChecker - Bean '(inner bean)#3fb450d7' of type [com.amazonaws.auth.AWSStaticCredentialsProvider] is not eligible for getting processed by all BeanPostProcessors (for example: not eligible for auto-proxying)
[2024-09-22 16:36:51:10317][main] INFO  o.s.c.s.PostProcessorRegistrationDelegate$BeanPostProcessorChecker - Bean '(inner bean)#5785e813' of type [com.amazonaws.auth.profile.ProfileCredentialsProvider] is not eligible for getting processed by all BeanPostProcessors (for example: not eligible for auto-proxying)
[2024-09-22 16:36:51:10727][main] INFO  o.s.b.w.e.tomcat.TomcatWebServer - Tomcat initialized with port(s): 8080 (http)
[2024-09-22 16:36:52:10910][main] INFO  o.a.coyote.http11.Http11NioProtocol - Initializing ProtocolHandler ["http-nio-8080"]
[2024-09-22 16:36:52:10921][main] INFO  o.a.catalina.core.StandardService - Starting service [Tomcat]
[2024-09-22 16:36:52:10921][main] INFO  o.a.catalina.core.StandardEngine - Starting Servlet engine: [Apache Tomcat/9.0.68]
[2024-09-22 16:36:52:11150][main] INFO  o.a.c.c.C.[Tomcat].[localhost].[/] - Initializing Spring embedded WebApplicationContext
[2024-09-22 16:36:52:11150][main] INFO  o.s.b.w.s.c.ServletWebServerApplicationContext - Root WebApplicationContext: initialization completed in 10012 ms
[2024-09-22 16:36:52:11594][main] INFO  o.h.jpa.internal.util.LogHelper - HHH000204: Processing PersistenceUnitInfo [name: default]
[2024-09-22 16:36:52:11635][main] INFO  org.hibernate.Version - HHH000412: Hibernate ORM core version 5.6.12.Final
[2024-09-22 16:36:52:11757][main] INFO  o.h.annotations.common.Version - HCANN000001: Hibernate Commons Annotations {5.1.2.Final}
[2024-09-22 16:36:53:11905][main] INFO  com.zaxxer.hikari.HikariDataSource - HikariPool-1 - Starting...
[2024-09-22 16:36:53:12323][main] INFO  com.zaxxer.hikari.HikariDataSource - HikariPool-1 - Start completed.
[2024-09-22 16:36:53:12334][main] INFO  org.hibernate.dialect.Dialect - HHH000400: Using dialect: org.hibernate.dialect.MySQLDialect
[2024-09-22 16:36:54:13035][main] INFO  o.h.e.t.j.p.i.JtaPlatformInitiator - HHH000490: Using JtaPlatform implementation: [org.hibernate.engine.transaction.jta.platform.internal.NoJtaPlatform]
[2024-09-22 16:36:54:13043][main] INFO  o.s.o.j.LocalContainerEntityManagerFactoryBean - Initialized JPA EntityManagerFactory for persistence unit 'default'
[2024-09-22 16:36:54:13068][main] INFO  com.goms.v2.GomsV2Application - Goms Application TimeZone was set: 2024-09-22T16:36:54.260338
[2024-09-22 16:36:55:14672][main] INFO  c.g.v.t.n.config.FcmConfig - init start
[2024-09-22 16:36:56:15405][main] WARN  o.s.b.a.o.j.JpaBaseConfiguration$JpaWebConfiguration - spring.jpa.open-in-view is enabled by default. Therefore, database queries may be performed during view rendering. Explicitly configure spring.jpa.open-in-view to disable this warning
[2024-09-22 16:36:56:15770][main] INFO  o.s.b.a.e.web.EndpointLinksResolver - Exposing 14 endpoint(s) beneath base path '/actuator'
[2024-09-22 16:36:57:15828][main] INFO  o.s.s.w.DefaultSecurityFilterChain - Will secure any request with [org.springframework.security.web.session.DisableEncodeUrlFilter@42d039ef, org.springframework.security.web.context.request.async.WebAsyncManagerIntegrationFilter@397ff526, org.springframework.security.web.context.SecurityContextPersistenceFilter@6f0ea5de, org.springframework.security.web.header.HeaderWriterFilter@1c38d025, org.springframework.web.filter.CorsFilter@190a5f74, org.springframework.security.web.authentication.logout.LogoutFilter@1b131102, com.goms.v2.global.filter.ExceptionHandlerFilter@48d588dd, com.goms.v2.global.filter.RequestLogFilter@b09df69, com.goms.v2.global.filter.JwtRequestFilter@4d19ddeb, org.springframework.security.web.savedrequest.RequestCacheAwareFilter@3ae81b53, org.springframework.security.web.servletapi.SecurityContextHolderAwareRequestFilter@4b9da2f0, org.springframework.security.web.authentication.AnonymousAuthenticationFilter@623dac3, org.springframework.security.web.session.SessionManagementFilter@350a3df3, org.springframework.security.web.access.ExceptionTranslationFilter@7942987, org.springframework.security.web.access.intercept.FilterSecurityInterceptor@4de5d46c]
[2024-09-22 16:36:57:16222][main] INFO  o.a.coyote.http11.Http11NioProtocol - Starting ProtocolHandler ["http-nio-8080"]
[2024-09-22 16:36:57:16242][main] INFO  o.s.b.w.e.tomcat.TomcatWebServer - Tomcat started on port(s): 8080 (http) with context path ''
[2024-09-22 16:36:57:16268][main] INFO  com.goms.v2.GomsV2ApplicationKt - Started GomsV2ApplicationKt in 15.965 seconds (JVM running for 17.213)
[2024-09-22 16:36:57:16722][RMI TCP Connection(3)-127.0.0.1] INFO  o.a.c.c.C.[Tomcat].[localhost].[/] - Initializing Spring DispatcherServlet 'dispatcherServlet'
[2024-09-22 16:36:57:16722][RMI TCP Connection(3)-127.0.0.1] INFO  o.s.web.servlet.DispatcherServlet - Initializing Servlet 'dispatcherServlet'
[2024-09-22 16:36:57:16724][RMI TCP Connection(3)-127.0.0.1] INFO  o.s.web.servlet.DispatcherServlet - Completed initialization in 2 ms
[2024-09-22 16:37:11:30391][http-nio-8080-exec-2] INFO  c.g.v.g.filter.RequestLogFilter - client ip = 0:0:0:0:0:0:0:1
[2024-09-22 16:37:11:30393][http-nio-8080-exec-2] INFO  c.g.v.g.filter.RequestLogFilter - request method = POST
[2024-09-22 16:37:11:30393][http-nio-8080-exec-2] INFO  c.g.v.g.filter.RequestLogFilter - request url = /api/v2/auth/email/send
[2024-09-22 16:37:12:30964][http-nio-8080-exec-2] INFO  c.g.v.d.a.d.e.CreateAuthenticationEventHandler - createAuthenticationEvent is active
[2024-09-22 16:37:12:31049][http-nio-8080-exec-2] INFO  c.g.v.g.filter.RequestLogFilter - response status = 204
[2024-09-22 16:51:28:887051][SpringApplicationShutdownHook] INFO  o.s.o.j.LocalContainerEntityManagerFactoryBean - Closing JPA EntityManagerFactory for persistence unit 'default'
[2024-09-22 16:51:28:887069][SpringApplicationShutdownHook] INFO  com.zaxxer.hikari.HikariDataSource - HikariPool-1 - Shutdown initiated...
[2024-09-22 16:51:28:887114][SpringApplicationShutdownHook] INFO  com.zaxxer.hikari.HikariDataSource - HikariPool-1 - Shutdown completed.
[2024-12-11 10:20:46:280][main] INFO  com.goms.v2.GomsV2ApplicationKt - Starting GomsV2ApplicationKt using Java 11.0.24 on enbrainingui-MacBookPro.local with PID 12325 (/Users/enbraining/Downloads/GOMS-Backend-V2/goms-infrastructure/build/classes/kotlin/main started by enbraining in /Users/enbraining/Downloads/GOMS-Backend-V2)
[2024-12-11 10:20:46:282][main] INFO  com.goms.v2.GomsV2ApplicationKt - No active profile set, falling back to 1 default profile: "default"
[2024-12-11 10:20:46:282][background-preinit] INFO  o.h.validator.internal.util.Version - HV000001: Hibernate Validator 6.2.5.Final
[2024-12-11 10:20:46:671][main] INFO  o.s.d.r.c.RepositoryConfigurationDelegate - Multiple Spring Data modules found, entering strict repository configuration mode
[2024-12-11 10:20:46:672][main] INFO  o.s.d.r.c.RepositoryConfigurationDelegate - Bootstrapping Spring Data Redis repositories in DEFAULT mode.
[2024-12-11 10:20:46:695][main] INFO  o.s.d.r.c.RepositoryConfigurationExtensionSupport - Spring Data Redis - Could not safely identify store assignment for repository candidate interface com.goms.v2.persistence.account.repository.AccountJpaRepository; If you want this repository to be a Redis repository, consider annotating your entities with one of these annotations: org.springframework.data.redis.core.RedisHash (preferred), or consider extending one of the following types with your repository: org.springframework.data.keyvalue.repository.KeyValueRepository
[2024-12-11 10:20:46:705][main] INFO  o.s.d.r.c.RepositoryConfigurationExtensionSupport - Spring Data Redis - Could not safely identify store assignment for repository candidate interface com.goms.v2.persistence.late.repository.LateJpaRepository; If you want this repository to be a Redis repository, consider annotating your entities with one of these annotations: org.springframework.data.redis.core.RedisHash (preferred), or consider extending one of the following types with your repository: org.springframework.data.keyvalue.repository.KeyValueRepository
[2024-12-11 10:20:46:706][main] INFO  o.s.d.r.c.RepositoryConfigurationExtensionSupport - Spring Data Redis - Could not safely identify store assignment for repository candidate interface com.goms.v2.persistence.outing.repository.OutingJpaRepository; If you want this repository to be a Redis repository, consider annotating your entities with one of these annotations: org.springframework.data.redis.core.RedisHash (preferred), or consider extending one of the following types with your repository: org.springframework.data.keyvalue.repository.KeyValueRepository
[2024-12-11 10:20:46:706][main] INFO  o.s.d.r.c.RepositoryConfigurationExtensionSupport - Spring Data Redis - Could not safely identify store assignment for repository candidate interface com.goms.v2.persistence.outingDate.repository.DeniedOutingDateJpaRepository; If you want this repository to be a Redis repository, consider annotating your entities with one of these annotations: org.springframework.data.redis.core.RedisHash (preferred), or consider extending one of the following types with your repository: org.springframework.data.keyvalue.repository.KeyValueRepository
[2024-12-11 10:20:47:720][main] INFO  o.s.d.r.c.RepositoryConfigurationDelegate - Finished Spring Data repository scanning in 43 ms. Found 6 Redis repository interfaces.
[2024-12-11 10:20:47:878][main] INFO  o.s.d.r.c.RepositoryConfigurationDelegate - Multiple Spring Data modules found, entering strict repository configuration mode
[2024-12-11 10:20:47:878][main] INFO  o.s.d.r.c.RepositoryConfigurationDelegate - Bootstrapping Spring Data JPA repositories in DEFAULT mode.
[2024-12-11 10:20:47:889][main] INFO  o.s.d.r.c.RepositoryConfigurationExtensionSupport - Spring Data JPA - Could not safely identify store assignment for repository candidate interface com.goms.v2.persistence.auth.repository.AuthCodeRedisRepository; If you want this repository to be a JPA repository, consider annotating your entities with one of these annotations: javax.persistence.Entity, javax.persistence.MappedSuperclass (preferred), or consider extending one of the following types with your repository: org.springframework.data.jpa.repository.JpaRepository
[2024-12-11 10:20:47:890][main] INFO  o.s.d.r.c.RepositoryConfigurationExtensionSupport - Spring Data JPA - Could not safely identify store assignment for repository candidate interface com.goms.v2.persistence.auth.repository.AuthenticationRedisRepository; If you want this repository to be a JPA repository, consider annotating your entities with one of these annotations: javax.persistence.Entity, javax.persistence.MappedSuperclass (preferred), or consider extending one of the following types with your repository: org.springframework.data.jpa.repository.JpaRepository
[2024-12-11 10:20:47:890][main] INFO  o.s.d.r.c.RepositoryConfigurationExtensionSupport - Spring Data JPA - Could not safely identify store assignment for repository candidate interface com.goms.v2.persistence.auth.repository.RefreshTokenJpaRepository; If you want this repository to be a JPA repository, consider annotating your entities with one of these annotations: javax.persistence.Entity, javax.persistence.MappedSuperclass (preferred), or consider extending one of the following types with your repository: org.springframework.data.jpa.repository.JpaRepository
[2024-12-11 10:20:47:891][main] INFO  o.s.d.r.c.RepositoryConfigurationExtensionSupport - Spring Data JPA - Could not safely identify store assignment for repository candidate interface com.goms.v2.persistence.notification.repository.DeviceTokenJpaRepository; If you want this repository to be a JPA repository, consider annotating your entities with one of these annotations: javax.persistence.Entity, javax.persistence.MappedSuperclass (preferred), or consider extending one of the following types with your repository: org.springframework.data.jpa.repository.JpaRepository
[2024-12-11 10:20:47:892][main] INFO  o.s.d.r.c.RepositoryConfigurationExtensionSupport - Spring Data JPA - Could not safely identify store assignment for repository candidate interface com.goms.v2.persistence.outing.repository.OutingBlackListJpaRepository; If you want this repository to be a JPA repository, consider annotating your entities with one of these annotations: javax.persistence.Entity, javax.persistence.MappedSuperclass (preferred), or consider extending one of the following types with your repository: org.springframework.data.jpa.repository.JpaRepository
[2024-12-11 10:20:47:894][main] INFO  o.s.d.r.c.RepositoryConfigurationExtensionSupport - Spring Data JPA - Could not safely identify store assignment for repository candidate interface com.goms.v2.persistence.studentCouncil.repository.OutingUUIDJpaRepository; If you want this repository to be a JPA repository, consider annotating your entities with one of these annotations: javax.persistence.Entity, javax.persistence.MappedSuperclass (preferred), or consider extending one of the following types with your repository: org.springframework.data.jpa.repository.JpaRepository
[2024-12-11 10:20:47:902][main] INFO  o.s.d.r.c.RepositoryConfigurationDelegate - Finished Spring Data repository scanning in 22 ms. Found 4 JPA repository interfaces.
[2024-12-11 10:20:53:7637][main] INFO  o.s.c.s.PostProcessorRegistrationDelegate$BeanPostProcessorChecker - Bean '(inner bean)#6075b369' of type [com.amazonaws.auth.BasicAWSCredentials] is not eligible for getting processed by all BeanPostProcessors (for example: not eligible for auto-proxying)
[2024-12-11 10:20:53:7638][main] INFO  o.s.c.s.PostProcessorRegistrationDelegate$BeanPostProcessorChecker - Bean '(inner bean)#6b1321b7' of type [com.amazonaws.auth.AWSStaticCredentialsProvider] is not eligible for getting processed by all BeanPostProcessors (for example: not eligible for auto-proxying)
[2024-12-11 10:20:53:7640][main] INFO  o.s.c.s.PostProcessorRegistrationDelegate$BeanPostProcessorChecker - Bean '(inner bean)#787988f4' of type [com.amazonaws.auth.profile.ProfileCredentialsProvider] is not eligible for getting processed by all BeanPostProcessors (for example: not eligible for auto-proxying)
[2024-12-11 10:20:54:7770][main] INFO  o.s.b.w.e.tomcat.TomcatWebServer - Tomcat initialized with port(s): 8080 (http)
[2024-12-11 10:20:54:7843][main] INFO  o.a.coyote.http11.Http11NioProtocol - Initializing ProtocolHandler ["http-nio-8080"]
[2024-12-11 10:20:54:7848][main] INFO  o.a.catalina.core.StandardService - Starting service [Tomcat]
[2024-12-11 10:20:54:7848][main] INFO  o.a.catalina.core.StandardEngine - Starting Servlet engine: [Apache Tomcat/9.0.68]
[2024-12-11 10:20:54:7906][main] INFO  o.a.c.c.C.[Tomcat].[localhost].[/] - Initializing Spring embedded WebApplicationContext
[2024-12-11 10:20:54:7907][main] INFO  o.s.b.w.s.c.ServletWebServerApplicationContext - Root WebApplicationContext: initialization completed in 7602 ms
[2024-12-11 10:20:54:8035][main] INFO  o.h.jpa.internal.util.LogHelper - HHH000204: Processing PersistenceUnitInfo [name: default]
[2024-12-11 10:20:54:8052][main] INFO  org.hibernate.Version - HHH000412: Hibernate ORM core version 5.6.12.Final
[2024-12-11 10:20:54:8112][main] INFO  o.h.annotations.common.Version - HCANN000001: Hibernate Commons Annotations {5.1.2.Final}
[2024-12-11 10:20:54:8148][main] INFO  com.zaxxer.hikari.HikariDataSource - HikariPool-1 - Starting...
[2024-12-11 10:20:54:8658][main] INFO  com.zaxxer.hikari.HikariDataSource - HikariPool-1 - Start completed.
[2024-12-11 10:20:54:8671][main] INFO  org.hibernate.dialect.Dialect - HHH000400: Using dialect: org.hibernate.dialect.MariaDBDialect
[2024-12-11 10:20:55:9461][main] INFO  o.h.e.t.j.p.i.JtaPlatformInitiator - HHH000490: Using JtaPlatform implementation: [org.hibernate.engine.transaction.jta.platform.internal.NoJtaPlatform]
[2024-12-11 10:20:55:9476][main] INFO  o.s.o.j.LocalContainerEntityManagerFactoryBean - Initialized JPA EntityManagerFactory for persistence unit 'default'
[2024-12-11 10:20:55:9486][main] INFO  com.goms.v2.GomsV2Application - Goms Application TimeZone was set: 2024-12-11T10:20:55.770559
[2024-12-11 10:20:55:9588][main] WARN  c.a.a.p.i.BasicProfileConfigLoader - Your profile name includes a 'profile ' prefix. This is considered part of the profile name in the Java SDK, so you will need to include this prefix in your profile name when you reference this profile from your Java code.
[2024-12-11 10:20:55:9613][main] WARN  c.a.a.p.i.BasicProfileConfigLoader - Your profile name includes a 'profile ' prefix. This is considered part of the profile name in the Java SDK, so you will need to include this prefix in your profile name when you reference this profile from your Java code.
[2024-12-11 10:20:55:9685][main] WARN  c.a.a.p.i.BasicProfileConfigLoader - Your profile name includes a 'profile ' prefix. This is considered part of the profile name in the Java SDK, so you will need to include this prefix in your profile name when you reference this profile from your Java code.
[2024-12-11 10:20:56:10649][main] INFO  c.g.v.t.n.config.FcmConfig - init start
[2024-12-11 10:20:57:10849][main] WARN  o.s.b.a.o.j.JpaBaseConfiguration$JpaWebConfiguration - spring.jpa.open-in-view is enabled by default. Therefore, database queries may be performed during view rendering. Explicitly configure spring.jpa.open-in-view to disable this warning
[2024-12-11 10:20:57:11014][main] INFO  o.s.b.a.e.web.EndpointLinksResolver - Exposing 14 endpoint(s) beneath base path '/actuator'
[2024-12-11 10:20:57:11054][main] INFO  o.s.s.w.DefaultSecurityFilterChain - Will secure any request with [org.springframework.security.web.session.DisableEncodeUrlFilter@7d5caf3, org.springframework.security.web.context.request.async.WebAsyncManagerIntegrationFilter@456a0e9e, org.springframework.security.web.context.SecurityContextPersistenceFilter@7e913ef1, org.springframework.security.web.header.HeaderWriterFilter@35ab67d4, org.springframework.web.filter.CorsFilter@ea2f3a, org.springframework.security.web.authentication.logout.LogoutFilter@7c38d816, com.goms.v2.global.filter.ExceptionHandlerFilter@18d3e7fc, com.goms.v2.global.filter.RequestLogFilter@31782447, com.goms.v2.global.filter.JwtRequestFilter@24f3d208, org.springframework.security.web.savedrequest.RequestCacheAwareFilter@ba6907f, org.springframework.security.web.servletapi.SecurityContextHolderAwareRequestFilter@1d38ca2b, org.springframework.security.web.authentication.AnonymousAuthenticationFilter@7531ba53, org.springframework.security.web.session.SessionManagementFilter@27de073b, org.springframework.security.web.access.ExceptionTranslationFilter@37445c57, org.springframework.security.web.access.intercept.FilterSecurityInterceptor@fac6d4a]
[2024-12-11 10:20:57:11242][main] INFO  o.a.coyote.http11.Http11NioProtocol - Starting ProtocolHandler ["http-nio-8080"]
[2024-12-11 10:20:57:11247][main] INFO  o.s.b.w.e.tomcat.TomcatWebServer - Tomcat started on port(s): 8080 (http) with context path ''
[2024-12-11 10:20:57:11257][main] INFO  com.goms.v2.GomsV2ApplicationKt - Started GomsV2ApplicationKt in 11.186 seconds (JVM running for 11.468)
[2024-12-11 10:20:57:11668][RMI TCP Connection(3)-127.0.0.1] INFO  o.a.c.c.C.[Tomcat].[localhost].[/] - Initializing Spring DispatcherServlet 'dispatcherServlet'
[2024-12-11 10:20:57:11668][RMI TCP Connection(3)-127.0.0.1] INFO  o.s.web.servlet.DispatcherServlet - Initializing Servlet 'dispatcherServlet'
[2024-12-11 10:20:57:11670][RMI TCP Connection(3)-127.0.0.1] INFO  o.s.web.servlet.DispatcherServlet - Completed initialization in 2 ms
[2024-12-11 10:21:00:14151][http-nio-8080-exec-1] INFO  c.g.v.g.filter.RequestLogFilter - client ip = 127.0.0.1
[2024-12-11 10:21:00:14152][http-nio-8080-exec-1] INFO  c.g.v.g.filter.RequestLogFilter - request method = POST
[2024-12-11 10:21:00:14152][http-nio-8080-exec-1] INFO  c.g.v.g.filter.RequestLogFilter - request url = /api/v2/notification/token/test
[2024-12-11 10:21:04:18307][http-nio-8080-exec-1] INFO  c.g.v.g.filter.RequestLogFilter - response status = 200
[2024-12-11 10:22:46:120550][http-nio-8080-exec-3] INFO  c.g.v.g.filter.RequestLogFilter - client ip = 127.0.0.1
[2024-12-11 10:22:46:120551][http-nio-8080-exec-3] INFO  c.g.v.g.filter.RequestLogFilter - request method = POST
[2024-12-11 10:22:46:120552][http-nio-8080-exec-3] INFO  c.g.v.g.filter.RequestLogFilter - request url = /api/v2/notification/token/test
[2024-12-11 10:22:52:125848][http-nio-8080-exec-3] INFO  c.g.v.g.filter.RequestLogFilter - response status = 200
[2024-12-11 10:23:04:138577][SpringApplicationShutdownHook] INFO  o.s.o.j.LocalContainerEntityManagerFactoryBean - Closing JPA EntityManagerFactory for persistence unit 'default'
[2024-12-11 10:23:04:138581][SpringApplicationShutdownHook] INFO  com.zaxxer.hikari.HikariDataSource - HikariPool-1 - Shutdown initiated...
[2024-12-11 10:23:04:138624][SpringApplicationShutdownHook] INFO  com.zaxxer.hikari.HikariDataSource - HikariPool-1 - Shutdown completed.
[2024-12-11 10:23:08:289][main] INFO  com.goms.v2.GomsV2ApplicationKt - Starting GomsV2ApplicationKt using Java 11.0.24 on enbrainingui-MacBookPro.local with PID 14667 (/Users/enbraining/Downloads/GOMS-Backend-V2/goms-infrastructure/build/classes/kotlin/main started by enbraining in /Users/enbraining/Downloads/GOMS-Backend-V2)
[2024-12-11 10:23:08:291][main] INFO  com.goms.v2.GomsV2ApplicationKt - No active profile set, falling back to 1 default profile: "default"
[2024-12-11 10:23:08:291][background-preinit] INFO  o.h.validator.internal.util.Version - HV000001: Hibernate Validator 6.2.5.Final
[2024-12-11 10:23:09:654][main] INFO  o.s.d.r.c.RepositoryConfigurationDelegate - Multiple Spring Data modules found, entering strict repository configuration mode
[2024-12-11 10:23:09:655][main] INFO  o.s.d.r.c.RepositoryConfigurationDelegate - Bootstrapping Spring Data Redis repositories in DEFAULT mode.
[2024-12-11 10:23:09:680][main] INFO  o.s.d.r.c.RepositoryConfigurationExtensionSupport - Spring Data Redis - Could not safely identify store assignment for repository candidate interface com.goms.v2.persistence.account.repository.AccountJpaRepository; If you want this repository to be a Redis repository, consider annotating your entities with one of these annotations: org.springframework.data.redis.core.RedisHash (preferred), or consider extending one of the following types with your repository: org.springframework.data.keyvalue.repository.KeyValueRepository
[2024-12-11 10:23:09:691][main] INFO  o.s.d.r.c.RepositoryConfigurationExtensionSupport - Spring Data Redis - Could not safely identify store assignment for repository candidate interface com.goms.v2.persistence.late.repository.LateJpaRepository; If you want this repository to be a Redis repository, consider annotating your entities with one of these annotations: org.springframework.data.redis.core.RedisHash (preferred), or consider extending one of the following types with your repository: org.springframework.data.keyvalue.repository.KeyValueRepository
[2024-12-11 10:23:09:692][main] INFO  o.s.d.r.c.RepositoryConfigurationExtensionSupport - Spring Data Redis - Could not safely identify store assignment for repository candidate interface com.goms.v2.persistence.outing.repository.OutingJpaRepository; If you want this repository to be a Redis repository, consider annotating your entities with one of these annotations: org.springframework.data.redis.core.RedisHash (preferred), or consider extending one of the following types with your repository: org.springframework.data.keyvalue.repository.KeyValueRepository
[2024-12-11 10:23:09:692][main] INFO  o.s.d.r.c.RepositoryConfigurationExtensionSupport - Spring Data Redis - Could not safely identify store assignment for repository candidate interface com.goms.v2.persistence.outingDate.repository.DeniedOutingDateJpaRepository; If you want this repository to be a Redis repository, consider annotating your entities with one of these annotations: org.springframework.data.redis.core.RedisHash (preferred), or consider extending one of the following types with your repository: org.springframework.data.keyvalue.repository.KeyValueRepository
[2024-12-11 10:23:09:707][main] INFO  o.s.d.r.c.RepositoryConfigurationDelegate - Finished Spring Data repository scanning in 46 ms. Found 6 Redis repository interfaces.
[2024-12-11 10:23:09:862][main] INFO  o.s.d.r.c.RepositoryConfigurationDelegate - Multiple Spring Data modules found, entering strict repository configuration mode
[2024-12-11 10:23:09:862][main] INFO  o.s.d.r.c.RepositoryConfigurationDelegate - Bootstrapping Spring Data JPA repositories in DEFAULT mode.
[2024-12-11 10:23:09:873][main] INFO  o.s.d.r.c.RepositoryConfigurationExtensionSupport - Spring Data JPA - Could not safely identify store assignment for repository candidate interface com.goms.v2.persistence.auth.repository.AuthCodeRedisRepository; If you want this repository to be a JPA repository, consider annotating your entities with one of these annotations: javax.persistence.Entity, javax.persistence.MappedSuperclass (preferred), or consider extending one of the following types with your repository: org.springframework.data.jpa.repository.JpaRepository
[2024-12-11 10:23:09:874][main] INFO  o.s.d.r.c.RepositoryConfigurationExtensionSupport - Spring Data JPA - Could not safely identify store assignment for repository candidate interface com.goms.v2.persistence.auth.repository.AuthenticationRedisRepository; If you want this repository to be a JPA repository, consider annotating your entities with one of these annotations: javax.persistence.Entity, javax.persistence.MappedSuperclass (preferred), or consider extending one of the following types with your repository: org.springframework.data.jpa.repository.JpaRepository
[2024-12-11 10:23:09:874][main] INFO  o.s.d.r.c.RepositoryConfigurationExtensionSupport - Spring Data JPA - Could not safely identify store assignment for repository candidate interface com.goms.v2.persistence.auth.repository.RefreshTokenJpaRepository; If you want this repository to be a JPA repository, consider annotating your entities with one of these annotations: javax.persistence.Entity, javax.persistence.MappedSuperclass (preferred), or consider extending one of the following types with your repository: org.springframework.data.jpa.repository.JpaRepository
[2024-12-11 10:23:09:875][main] INFO  o.s.d.r.c.RepositoryConfigurationExtensionSupport - Spring Data JPA - Could not safely identify store assignment for repository candidate interface com.goms.v2.persistence.notification.repository.DeviceTokenJpaRepository; If you want this repository to be a JPA repository, consider annotating your entities with one of these annotations: javax.persistence.Entity, javax.persistence.MappedSuperclass (preferred), or consider extending one of the following types with your repository: org.springframework.data.jpa.repository.JpaRepository
[2024-12-11 10:23:09:876][main] INFO  o.s.d.r.c.RepositoryConfigurationExtensionSupport - Spring Data JPA - Could not safely identify store assignment for repository candidate interface com.goms.v2.persistence.outing.repository.OutingBlackListJpaRepository; If you want this repository to be a JPA repository, consider annotating your entities with one of these annotations: javax.persistence.Entity, javax.persistence.MappedSuperclass (preferred), or consider extending one of the following types with your repository: org.springframework.data.jpa.repository.JpaRepository
[2024-12-11 10:23:09:878][main] INFO  o.s.d.r.c.RepositoryConfigurationExtensionSupport - Spring Data JPA - Could not safely identify store assignment for repository candidate interface com.goms.v2.persistence.studentCouncil.repository.OutingUUIDJpaRepository; If you want this repository to be a JPA repository, consider annotating your entities with one of these annotations: javax.persistence.Entity, javax.persistence.MappedSuperclass (preferred), or consider extending one of the following types with your repository: org.springframework.data.jpa.repository.JpaRepository
[2024-12-11 10:23:09:886][main] INFO  o.s.d.r.c.RepositoryConfigurationDelegate - Finished Spring Data repository scanning in 22 ms. Found 4 JPA repository interfaces.
[2024-12-11 10:23:16:7608][main] INFO  o.s.c.s.PostProcessorRegistrationDelegate$BeanPostProcessorChecker - Bean '(inner bean)#476fde05' of type [com.amazonaws.auth.BasicAWSCredentials] is not eligible for getting processed by all BeanPostProcessors (for example: not eligible for auto-proxying)
[2024-12-11 10:23:16:7609][main] INFO  o.s.c.s.PostProcessorRegistrationDelegate$BeanPostProcessorChecker - Bean '(inner bean)#5d7dd549' of type [com.amazonaws.auth.AWSStaticCredentialsProvider] is not eligible for getting processed by all BeanPostProcessors (for example: not eligible for auto-proxying)
[2024-12-11 10:23:16:7611][main] INFO  o.s.c.s.PostProcessorRegistrationDelegate$BeanPostProcessorChecker - Bean '(inner bean)#5a2ae1ab' of type [com.amazonaws.auth.profile.ProfileCredentialsProvider] is not eligible for getting processed by all BeanPostProcessors (for example: not eligible for auto-proxying)
[2024-12-11 10:23:16:7746][main] INFO  o.s.b.w.e.tomcat.TomcatWebServer - Tomcat initialized with port(s): 8080 (http)
[2024-12-11 10:23:16:7800][main] INFO  o.a.coyote.http11.Http11NioProtocol - Initializing ProtocolHandler ["http-nio-8080"]
[2024-12-11 10:23:16:7805][main] INFO  o.a.catalina.core.StandardService - Starting service [Tomcat]
[2024-12-11 10:23:16:7805][main] INFO  o.a.catalina.core.StandardEngine - Starting Servlet engine: [Apache Tomcat/9.0.68]
[2024-12-11 10:23:16:7876][main] INFO  o.a.c.c.C.[Tomcat].[localhost].[/] - Initializing Spring embedded WebApplicationContext
[2024-12-11 10:23:16:7876][main] INFO  o.s.b.w.s.c.ServletWebServerApplicationContext - Root WebApplicationContext: initialization completed in 7564 ms
[2024-12-11 10:23:16:8004][main] INFO  o.h.jpa.internal.util.LogHelper - HHH000204: Processing PersistenceUnitInfo [name: default]
[2024-12-11 10:23:16:8020][main] INFO  org.hibernate.Version - HHH000412: Hibernate ORM core version 5.6.12.Final
[2024-12-11 10:23:16:8074][main] INFO  o.h.annotations.common.Version - HCANN000001: Hibernate Commons Annotations {5.1.2.Final}
[2024-12-11 10:23:16:8126][main] INFO  com.zaxxer.hikari.HikariDataSource - HikariPool-1 - Starting...
[2024-12-11 10:23:16:8339][main] INFO  com.zaxxer.hikari.HikariDataSource - HikariPool-1 - Start completed.
[2024-12-11 10:23:16:8345][main] INFO  org.hibernate.dialect.Dialect - HHH000400: Using dialect: org.hibernate.dialect.MariaDBDialect
[2024-12-11 10:23:17:8981][main] INFO  o.h.e.t.j.p.i.JtaPlatformInitiator - HHH000490: Using JtaPlatform implementation: [org.hibernate.engine.transaction.jta.platform.internal.NoJtaPlatform]
[2024-12-11 10:23:17:8990][main] INFO  o.s.o.j.LocalContainerEntityManagerFactoryBean - Initialized JPA EntityManagerFactory for persistence unit 'default'
[2024-12-11 10:23:17:9005][main] INFO  com.goms.v2.GomsV2Application - Goms Application TimeZone was set: 2024-12-11T10:23:17.494573
[2024-12-11 10:23:17:9101][main] WARN  c.a.a.p.i.BasicProfileConfigLoader - Your profile name includes a 'profile ' prefix. This is considered part of the profile name in the Java SDK, so you will need to include this prefix in your profile name when you reference this profile from your Java code.
[2024-12-11 10:23:17:9115][main] WARN  c.a.a.p.i.BasicProfileConfigLoader - Your profile name includes a 'profile ' prefix. This is considered part of the profile name in the Java SDK, so you will need to include this prefix in your profile name when you reference this profile from your Java code.
[2024-12-11 10:23:17:9178][main] WARN  c.a.a.p.i.BasicProfileConfigLoader - Your profile name includes a 'profile ' prefix. This is considered part of the profile name in the Java SDK, so you will need to include this prefix in your profile name when you reference this profile from your Java code.
[2024-12-11 10:23:18:10227][main] INFO  c.g.v.t.n.config.FcmConfig - init start
[2024-12-11 10:23:18:10440][main] WARN  o.s.b.a.o.j.JpaBaseConfiguration$JpaWebConfiguration - spring.jpa.open-in-view is enabled by default. Therefore, database queries may be performed during view rendering. Explicitly configure spring.jpa.open-in-view to disable this warning
[2024-12-11 10:23:19:10607][main] INFO  o.s.b.a.e.web.EndpointLinksResolver - Exposing 14 endpoint(s) beneath base path '/actuator'
[2024-12-11 10:23:19:10648][main] INFO  o.s.s.w.DefaultSecurityFilterChain - Will secure any request with [org.springframework.security.web.session.DisableEncodeUrlFilter@22251bc6, org.springframework.security.web.context.request.async.WebAsyncManagerIntegrationFilter@685e398, org.springframework.security.web.context.SecurityContextPersistenceFilter@1886e8b9, org.springframework.security.web.header.HeaderWriterFilter@2a64c8c3, org.springframework.web.filter.CorsFilter@2921aa59, org.springframework.security.web.authentication.logout.LogoutFilter@467310c6, com.goms.v2.global.filter.ExceptionHandlerFilter@47e7eb7, com.goms.v2.global.filter.RequestLogFilter@e0fbed5, com.goms.v2.global.filter.JwtRequestFilter@27bf05af, org.springframework.security.web.savedrequest.RequestCacheAwareFilter@1263422a, org.springframework.security.web.servletapi.SecurityContextHolderAwareRequestFilter@3095a6e0, org.springframework.security.web.authentication.AnonymousAuthenticationFilter@3681063, org.springframework.security.web.session.SessionManagementFilter@1f799f4c, org.springframework.security.web.access.ExceptionTranslationFilter@7aafaf44, org.springframework.security.web.access.intercept.FilterSecurityInterceptor@72f9cd3f]
[2024-12-11 10:23:19:10870][main] INFO  o.a.coyote.http11.Http11NioProtocol - Starting ProtocolHandler ["http-nio-8080"]
[2024-12-11 10:23:19:10876][main] INFO  o.s.b.w.e.tomcat.TomcatWebServer - Tomcat started on port(s): 8080 (http) with context path ''
[2024-12-11 10:23:19:10886][main] INFO  com.goms.v2.GomsV2ApplicationKt - Started GomsV2ApplicationKt in 10.82 seconds (JVM running for 11.08)
[2024-12-11 10:23:19:11159][RMI TCP Connection(2)-127.0.0.1] INFO  o.a.c.c.C.[Tomcat].[localhost].[/] - Initializing Spring DispatcherServlet 'dispatcherServlet'
[2024-12-11 10:23:19:11160][RMI TCP Connection(2)-127.0.0.1] INFO  o.s.web.servlet.DispatcherServlet - Initializing Servlet 'dispatcherServlet'
[2024-12-11 10:23:19:11161][RMI TCP Connection(2)-127.0.0.1] INFO  o.s.web.servlet.DispatcherServlet - Completed initialization in 1 ms
[2024-12-11 10:23:19:11258][http-nio-8080-exec-1] INFO  c.g.v.g.filter.RequestLogFilter - client ip = 127.0.0.1
[2024-12-11 10:23:19:11259][http-nio-8080-exec-1] INFO  c.g.v.g.filter.RequestLogFilter - request method = POST
[2024-12-11 10:23:19:11259][http-nio-8080-exec-1] INFO  c.g.v.g.filter.RequestLogFilter - request url = /api/v2/notification/token/test
[2024-12-11 10:23:23:14519][http-nio-8080-exec-1] INFO  c.g.v.g.filter.RequestLogFilter - response status = 200
[2024-12-11 10:25:04:116239][SpringApplicationShutdownHook] INFO  o.s.o.j.LocalContainerEntityManagerFactoryBean - Closing JPA EntityManagerFactory for persistence unit 'default'
[2024-12-11 10:25:04:116242][SpringApplicationShutdownHook] INFO  com.zaxxer.hikari.HikariDataSource - HikariPool-1 - Shutdown initiated...
[2024-12-11 10:25:04:116278][SpringApplicationShutdownHook] INFO  com.zaxxer.hikari.HikariDataSource - HikariPool-1 - Shutdown completed.
[2024-12-11 10:25:08:288][main] INFO  com.goms.v2.GomsV2ApplicationKt - Starting GomsV2ApplicationKt using Java 11.0.24 on enbrainingui-MacBookPro.local with PID 16572 (/Users/enbraining/Downloads/GOMS-Backend-V2/goms-infrastructure/build/classes/kotlin/main started by enbraining in /Users/enbraining/Downloads/GOMS-Backend-V2)
[2024-12-11 10:25:08:289][background-preinit] INFO  o.h.validator.internal.util.Version - HV000001: Hibernate Validator 6.2.5.Final
[2024-12-11 10:25:08:289][main] INFO  com.goms.v2.GomsV2ApplicationKt - No active profile set, falling back to 1 default profile: "default"
[2024-12-11 10:25:08:682][main] INFO  o.s.d.r.c.RepositoryConfigurationDelegate - Multiple Spring Data modules found, entering strict repository configuration mode
[2024-12-11 10:25:08:682][main] INFO  o.s.d.r.c.RepositoryConfigurationDelegate - Bootstrapping Spring Data Redis repositories in DEFAULT mode.
[2024-12-11 10:25:08:708][main] INFO  o.s.d.r.c.RepositoryConfigurationExtensionSupport - Spring Data Redis - Could not safely identify store assignment for repository candidate interface com.goms.v2.persistence.account.repository.AccountJpaRepository; If you want this repository to be a Redis repository, consider annotating your entities with one of these annotations: org.springframework.data.redis.core.RedisHash (preferred), or consider extending one of the following types with your repository: org.springframework.data.keyvalue.repository.KeyValueRepository
[2024-12-11 10:25:08:717][main] INFO  o.s.d.r.c.RepositoryConfigurationExtensionSupport - Spring Data Redis - Could not safely identify store assignment for repository candidate interface com.goms.v2.persistence.late.repository.LateJpaRepository; If you want this repository to be a Redis repository, consider annotating your entities with one of these annotations: org.springframework.data.redis.core.RedisHash (preferred), or consider extending one of the following types with your repository: org.springframework.data.keyvalue.repository.KeyValueRepository
[2024-12-11 10:25:08:718][main] INFO  o.s.d.r.c.RepositoryConfigurationExtensionSupport - Spring Data Redis - Could not safely identify store assignment for repository candidate interface com.goms.v2.persistence.outing.repository.OutingJpaRepository; If you want this repository to be a Redis repository, consider annotating your entities with one of these annotations: org.springframework.data.redis.core.RedisHash (preferred), or consider extending one of the following types with your repository: org.springframework.data.keyvalue.repository.KeyValueRepository
[2024-12-11 10:25:08:718][main] INFO  o.s.d.r.c.RepositoryConfigurationExtensionSupport - Spring Data Redis - Could not safely identify store assignment for repository candidate interface com.goms.v2.persistence.outingDate.repository.DeniedOutingDateJpaRepository; If you want this repository to be a Redis repository, consider annotating your entities with one of these annotations: org.springframework.data.redis.core.RedisHash (preferred), or consider extending one of the following types with your repository: org.springframework.data.keyvalue.repository.KeyValueRepository
[2024-12-11 10:25:08:734][main] INFO  o.s.d.r.c.RepositoryConfigurationDelegate - Finished Spring Data repository scanning in 46 ms. Found 6 Redis repository interfaces.
[2024-12-11 10:25:09:891][main] INFO  o.s.d.r.c.RepositoryConfigurationDelegate - Multiple Spring Data modules found, entering strict repository configuration mode
[2024-12-11 10:25:09:892][main] INFO  o.s.d.r.c.RepositoryConfigurationDelegate - Bootstrapping Spring Data JPA repositories in DEFAULT mode.
[2024-12-11 10:25:09:903][main] INFO  o.s.d.r.c.RepositoryConfigurationExtensionSupport - Spring Data JPA - Could not safely identify store assignment for repository candidate interface com.goms.v2.persistence.auth.repository.AuthCodeRedisRepository; If you want this repository to be a JPA repository, consider annotating your entities with one of these annotations: javax.persistence.Entity, javax.persistence.MappedSuperclass (preferred), or consider extending one of the following types with your repository: org.springframework.data.jpa.repository.JpaRepository
[2024-12-11 10:25:09:904][main] INFO  o.s.d.r.c.RepositoryConfigurationExtensionSupport - Spring Data JPA - Could not safely identify store assignment for repository candidate interface com.goms.v2.persistence.auth.repository.AuthenticationRedisRepository; If you want this repository to be a JPA repository, consider annotating your entities with one of these annotations: javax.persistence.Entity, javax.persistence.MappedSuperclass (preferred), or consider extending one of the following types with your repository: org.springframework.data.jpa.repository.JpaRepository
[2024-12-11 10:25:09:904][main] INFO  o.s.d.r.c.RepositoryConfigurationExtensionSupport - Spring Data JPA - Could not safely identify store assignment for repository candidate interface com.goms.v2.persistence.auth.repository.RefreshTokenJpaRepository; If you want this repository to be a JPA repository, consider annotating your entities with one of these annotations: javax.persistence.Entity, javax.persistence.MappedSuperclass (preferred), or consider extending one of the following types with your repository: org.springframework.data.jpa.repository.JpaRepository
[2024-12-11 10:25:09:905][main] INFO  o.s.d.r.c.RepositoryConfigurationExtensionSupport - Spring Data JPA - Could not safely identify store assignment for repository candidate interface com.goms.v2.persistence.notification.repository.DeviceTokenJpaRepository; If you want this repository to be a JPA repository, consider annotating your entities with one of these annotations: javax.persistence.Entity, javax.persistence.MappedSuperclass (preferred), or consider extending one of the following types with your repository: org.springframework.data.jpa.repository.JpaRepository
[2024-12-11 10:25:09:906][main] INFO  o.s.d.r.c.RepositoryConfigurationExtensionSupport - Spring Data JPA - Could not safely identify store assignment for repository candidate interface com.goms.v2.persistence.outing.repository.OutingBlackListJpaRepository; If you want this repository to be a JPA repository, consider annotating your entities with one of these annotations: javax.persistence.Entity, javax.persistence.MappedSuperclass (preferred), or consider extending one of the following types with your repository: org.springframework.data.jpa.repository.JpaRepository
[2024-12-11 10:25:09:907][main] INFO  o.s.d.r.c.RepositoryConfigurationExtensionSupport - Spring Data JPA - Could not safely identify store assignment for repository candidate interface com.goms.v2.persistence.studentCouncil.repository.OutingUUIDJpaRepository; If you want this repository to be a JPA repository, consider annotating your entities with one of these annotations: javax.persistence.Entity, javax.persistence.MappedSuperclass (preferred), or consider extending one of the following types with your repository: org.springframework.data.jpa.repository.JpaRepository
[2024-12-11 10:25:09:916][main] INFO  o.s.d.r.c.RepositoryConfigurationDelegate - Finished Spring Data repository scanning in 23 ms. Found 4 JPA repository interfaces.
[2024-12-11 10:25:15:7671][main] INFO  o.s.c.s.PostProcessorRegistrationDelegate$BeanPostProcessorChecker - Bean '(inner bean)#740b9a50' of type [com.amazonaws.auth.BasicAWSCredentials] is not eligible for getting processed by all BeanPostProcessors (for example: not eligible for auto-proxying)
[2024-12-11 10:25:15:7673][main] INFO  o.s.c.s.PostProcessorRegistrationDelegate$BeanPostProcessorChecker - Bean '(inner bean)#2506b881' of type [com.amazonaws.auth.AWSStaticCredentialsProvider] is not eligible for getting processed by all BeanPostProcessors (for example: not eligible for auto-proxying)
[2024-12-11 10:25:15:7676][main] INFO  o.s.c.s.PostProcessorRegistrationDelegate$BeanPostProcessorChecker - Bean '(inner bean)#2eb0cefe' of type [com.amazonaws.auth.profile.ProfileCredentialsProvider] is not eligible for getting processed by all BeanPostProcessors (for example: not eligible for auto-proxying)
[2024-12-11 10:25:15:7817][main] INFO  o.s.b.w.e.tomcat.TomcatWebServer - Tomcat initialized with port(s): 8080 (http)
[2024-12-11 10:25:16:7871][main] INFO  o.a.coyote.http11.Http11NioProtocol - Initializing ProtocolHandler ["http-nio-8080"]
[2024-12-11 10:25:16:7876][main] INFO  o.a.catalina.core.StandardService - Starting service [Tomcat]
[2024-12-11 10:25:16:7876][main] INFO  o.a.catalina.core.StandardEngine - Starting Servlet engine: [Apache Tomcat/9.0.68]
[2024-12-11 10:25:16:7959][main] INFO  o.a.c.c.C.[Tomcat].[localhost].[/] - Initializing Spring embedded WebApplicationContext
[2024-12-11 10:25:16:7959][main] INFO  o.s.b.w.s.c.ServletWebServerApplicationContext - Root WebApplicationContext: initialization completed in 7647 ms
[2024-12-11 10:25:16:8101][main] INFO  o.h.jpa.internal.util.LogHelper - HHH000204: Processing PersistenceUnitInfo [name: default]
[2024-12-11 10:25:16:8118][main] INFO  org.hibernate.Version - HHH000412: Hibernate ORM core version 5.6.12.Final
[2024-12-11 10:25:16:8177][main] INFO  o.h.annotations.common.Version - HCANN000001: Hibernate Commons Annotations {5.1.2.Final}
[2024-12-11 10:25:16:8236][main] INFO  com.zaxxer.hikari.HikariDataSource - HikariPool-1 - Starting...
[2024-12-11 10:25:16:8396][main] INFO  com.zaxxer.hikari.HikariDataSource - HikariPool-1 - Start completed.
[2024-12-11 10:25:16:8407][main] INFO  org.hibernate.dialect.Dialect - HHH000400: Using dialect: org.hibernate.dialect.MariaDBDialect
[2024-12-11 10:25:16:8796][main] INFO  o.h.e.t.j.p.i.JtaPlatformInitiator - HHH000490: Using JtaPlatform implementation: [org.hibernate.engine.transaction.jta.platform.internal.NoJtaPlatform]
[2024-12-11 10:25:16:8801][main] INFO  o.s.o.j.LocalContainerEntityManagerFactoryBean - Initialized JPA EntityManagerFactory for persistence unit 'default'
[2024-12-11 10:25:16:8808][main] INFO  com.goms.v2.GomsV2Application - Goms Application TimeZone was set: 2024-12-11T10:25:16.960757
[2024-12-11 10:25:17:8871][main] WARN  c.a.a.p.i.BasicProfileConfigLoader - Your profile name includes a 'profile ' prefix. This is considered part of the profile name in the Java SDK, so you will need to include this prefix in your profile name when you reference this profile from your Java code.
[2024-12-11 10:25:17:8881][main] WARN  c.a.a.p.i.BasicProfileConfigLoader - Your profile name includes a 'profile ' prefix. This is considered part of the profile name in the Java SDK, so you will need to include this prefix in your profile name when you reference this profile from your Java code.
[2024-12-11 10:25:17:8941][main] WARN  c.a.a.p.i.BasicProfileConfigLoader - Your profile name includes a 'profile ' prefix. This is considered part of the profile name in the Java SDK, so you will need to include this prefix in your profile name when you reference this profile from your Java code.
[2024-12-11 10:25:17:9820][main] INFO  c.g.v.t.n.config.FcmConfig - init start
[2024-12-11 10:25:18:10023][main] WARN  o.s.b.a.o.j.JpaBaseConfiguration$JpaWebConfiguration - spring.jpa.open-in-view is enabled by default. Therefore, database queries may be performed during view rendering. Explicitly configure spring.jpa.open-in-view to disable this warning
[2024-12-11 10:25:18:10201][main] INFO  o.s.b.a.e.web.EndpointLinksResolver - Exposing 14 endpoint(s) beneath base path '/actuator'
[2024-12-11 10:25:18:10243][main] INFO  o.s.s.w.DefaultSecurityFilterChain - Will secure any request with [org.springframework.security.web.session.DisableEncodeUrlFilter@30cd72a4, org.springframework.security.web.context.request.async.WebAsyncManagerIntegrationFilter@7d710482, org.springframework.security.web.context.SecurityContextPersistenceFilter@20983174, org.springframework.security.web.header.HeaderWriterFilter@434c0d22, org.springframework.web.filter.CorsFilter@882c166, org.springframework.security.web.authentication.logout.LogoutFilter@496203da, com.goms.v2.global.filter.ExceptionHandlerFilter@67d361fa, com.goms.v2.global.filter.RequestLogFilter@3c5077f6, com.goms.v2.global.filter.JwtRequestFilter@497031ea, org.springframework.security.web.savedrequest.RequestCacheAwareFilter@6f1720f8, org.springframework.security.web.servletapi.SecurityContextHolderAwareRequestFilter@27de073b, org.springframework.security.web.authentication.AnonymousAuthenticationFilter@57e74053, org.springframework.security.web.session.SessionManagementFilter@37445c57, org.springframework.security.web.access.ExceptionTranslationFilter@240e8240, org.springframework.security.web.access.intercept.FilterSecurityInterceptor@61ae22d4]
[2024-12-11 10:25:18:10482][main] INFO  o.a.coyote.http11.Http11NioProtocol - Starting ProtocolHandler ["http-nio-8080"]
[2024-12-11 10:25:18:10487][main] INFO  o.s.b.w.e.tomcat.TomcatWebServer - Tomcat started on port(s): 8080 (http) with context path ''
[2024-12-11 10:25:18:10498][main] INFO  com.goms.v2.GomsV2ApplicationKt - Started GomsV2ApplicationKt in 10.426 seconds (JVM running for 10.697)
[2024-12-11 10:25:18:10626][RMI TCP Connection(3)-127.0.0.1] INFO  o.a.c.c.C.[Tomcat].[localhost].[/] - Initializing Spring DispatcherServlet 'dispatcherServlet'
[2024-12-11 10:25:18:10627][RMI TCP Connection(3)-127.0.0.1] INFO  o.s.web.servlet.DispatcherServlet - Initializing Servlet 'dispatcherServlet'
[2024-12-11 10:25:18:10628][RMI TCP Connection(3)-127.0.0.1] INFO  o.s.web.servlet.DispatcherServlet - Completed initialization in 1 ms
[2024-12-11 10:26:47:99244][http-nio-8080-exec-1] INFO  c.g.v.g.filter.RequestLogFilter - client ip = 127.0.0.1
[2024-12-11 10:26:47:99245][http-nio-8080-exec-1] INFO  c.g.v.g.filter.RequestLogFilter - request method = POST
[2024-12-11 10:26:47:99245][http-nio-8080-exec-1] INFO  c.g.v.g.filter.RequestLogFilter - request url = /api/v2/notification/token/test
[2024-12-11 10:26:49:101241][http-nio-8080-exec-1] INFO  c.g.v.g.filter.RequestLogFilter - response status = 200
[2024-12-11 10:27:44:156843][http-nio-8080-exec-2] INFO  c.g.v.g.filter.RequestLogFilter - client ip = 127.0.0.1
[2024-12-11 10:27:44:156844][http-nio-8080-exec-2] INFO  c.g.v.g.filter.RequestLogFilter - request method = POST
[2024-12-11 10:27:44:156845][http-nio-8080-exec-2] INFO  c.g.v.g.filter.RequestLogFilter - request url = /api/v2/notification/token/test
[2024-12-11 10:27:46:158121][http-nio-8080-exec-2] INFO  c.g.v.g.filter.RequestLogFilter - response status = 200
[2024-12-11 10:29:12:244579][http-nio-8080-exec-4] INFO  c.g.v.g.filter.RequestLogFilter - client ip = 127.0.0.1
[2024-12-11 10:29:12:244580][http-nio-8080-exec-4] INFO  c.g.v.g.filter.RequestLogFilter - request method = POST
[2024-12-11 10:29:12:244580][http-nio-8080-exec-4] INFO  c.g.v.g.filter.RequestLogFilter - request url = /api/v2/notification/token/test
[2024-12-11 10:29:13:245708][http-nio-8080-exec-4] INFO  c.g.v.g.filter.RequestLogFilter - response status = 200
